-------------------------------------------------------------------------------
Test set: com.hrm.runners.TestRunner
-------------------------------------------------------------------------------
Tests run: 6, Failures: 1, Errors: 3, Skipped: 0, Time elapsed: 231.893 s <<< FAILURE! - in com.hrm.runners.TestRunner
Create an Employee and Login Credentials for an Employee.Add Employee without employee id  Time elapsed: 28.532 s  <<< ERROR!
io.cucumber.junit.UndefinedStepException: 
The step "user enters employees first name and last name" is undefined. You can implement it using the snippet(s) below:

@When("user enters employees first name and last name")
public void user_enters_employees_first_name_and_last_name() {
    // Write code here that turns the phrase above into concrete actions
    throw new io.cucumber.java.PendingException();
}


Some other steps were also undefined:

@Then("employee is added successfully")
public void employee_is_added_successfully() {
    // Write code here that turns the phrase above into concrete actions
    throw new io.cucumber.java.PendingException();
}


Login valid Admin and ESS Credentials.Valid Login Credentials  Time elapsed: 38.053 s  <<< ERROR!
io.cucumber.junit.UndefinedStepException: 
The step "user enter valid "Admin" and "Hum@nhrm123"" is undefined. You can implement it using the snippet(s) below:

@When("user enter valid {string} and {string}")
public void user_enter_valid_and(String string, String string2) {
    // Write code here that turns the phrase above into concrete actions
    throw new io.cucumber.java.PendingException();
}


Some other steps were also undefined:

@When("user click on login button")
public void user_click_on_login_button() {
    // Write code here that turns the phrase above into concrete actions
    throw new io.cucumber.java.PendingException();
}
@Then("{string} is successfully logged in")
public void is_successfully_logged_in(String string) {
    // Write code here that turns the phrase above into concrete actions
    throw new io.cucumber.java.PendingException();
}


Login valid Admin and ESS Credentials.Valid Login Credentials  Time elapsed: 10.332 s  <<< ERROR!
io.cucumber.junit.UndefinedStepException: 
The step "user enter valid "abd77" and "Syntax123!"" is undefined. You can implement it using the snippet(s) below:

@When("user enter valid {string} and {string}")
public void user_enter_valid_and(String string, String string2) {
    // Write code here that turns the phrase above into concrete actions
    throw new io.cucumber.java.PendingException();
}


Some other steps were also undefined:

@When("user click on login button")
public void user_click_on_login_button() {
    // Write code here that turns the phrase above into concrete actions
    throw new io.cucumber.java.PendingException();
}
@Then("{string} is successfully logged in")
public void is_successfully_logged_in(String string) {
    // Write code here that turns the phrase above into concrete actions
    throw new io.cucumber.java.PendingException();
}


User should see error message when login with invalid credentials.Login with valid username and invalid password  Time elapsed: 51.954 s  <<< FAILURE!
org.junit.ComparisonFailure: expected:<Invalid [C]redentials> but was:<Invalid [c]redentials>

