<?xml version="1.0" encoding="UTF-8"?>
<testsuite xmlns:xsi="http://www.w3.org/2001/XMLSchema-instance" xsi:noNamespaceSchemaLocation="https://maven.apache.org/surefire/maven-surefire-plugin/xsd/surefire-test-report-3.0.xsd" version="3.0" name="com.hrm.runners.TestRunner" time="231.893" tests="6" errors="3" skipped="0" failures="1">
  <properties>
[...]
</properties>
  <testcase name="Add Employee without employee id" classname="Create an Employee and Login Credentials for an Employee" time="28.532">
    <error message="The step &quot;user enters employees first name and last name&quot; is undefined. You can implement it using the snippet(s) below:&#10;&#10;@When(&quot;user enters employees first name and last name&quot;)&#10;public void user_enters_employees_first_name_and_last_name() {&#10;    // Write code here that turns the phrase above into concrete actions&#10;    throw new io.cucumber.java.PendingException();&#10;}&#10;&#10;&#10;Some other steps were also undefined:&#10;&#10;@Then(&quot;employee is added successfully&quot;)&#10;public void employee_is_added_successfully() {&#10;    // Write code here that turns the phrase above into concrete actions&#10;    throw new io.cucumber.java.PendingException();&#10;}&#10;" type="io.cucumber.junit.UndefinedStepException"><![CDATA[io.cucumber.junit.UndefinedStepException: 
The step "user enters employees first name and last name" is undefined. You can implement it using the snippet(s) below:

@When("user enters employees first name and last name")
public void user_enters_employees_first_name_and_last_name() {
    // Write code here that turns the phrase above into concrete actions
    throw new io.cucumber.java.PendingException();
}


Some other steps were also undefined:

@Then("employee is added successfully")
public void employee_is_added_successfully() {
    // Write code here that turns the phrase above into concrete actions
    throw new io.cucumber.java.PendingException();
}

]]></error>
    <system-out><![CDATA[
@tag @smoke
Scenario: Add Employee without employee id            # src/test/resources/features/AddAnEmployee.feature:13
  Given user logged in into HRMS                      # com.hrms.steps.AddEmployee.user_logged_in_into_HRMS()
  And user navigates to Add Employee page             # com.hrms.steps.AddEmployee.user_navigates_to_Add_Employee_page()
  When user enters employees first name and last name # null
  And user deletes employee id                        # com.hrms.steps.AddEmployee.user_deletes_employee_id()
  And user clicks save button                         # com.hrms.steps.AddEmployee.user_clicks_save_button()
  Then employee is added successfully                 # null
]]></system-out>
    <system-err><![CDATA[SLF4J: Failed to load class "org.slf4j.impl.StaticLoggerBinder".
SLF4J: Defaulting to no-operation (NOP) logger implementation
SLF4J: See http://www.slf4j.org/codes.html#StaticLoggerBinder for further details.
Starting ChromeDriver 83.0.4103.39 (ccbf011cb2d2b19b506d844400483861342c20cd-refs/branch-heads/4103@{#416}) on port 3250
Only local connections are allowed.
Please see https://chromedriver.chromium.org/security-considerations for suggestions on keeping ChromeDriver safe.
ChromeDriver was started successfully.
Jun 09, 2020 10:06:27 PM org.openqa.selenium.remote.ProtocolHandshake createSession
INFO: Detected dialect: W3C
]]></system-err>
  </testcase>
  <testcase name="Search employee by id" classname="Employee Search" time="58.843"/>
  <testcase name="Valid Login Credentials" classname="Login valid Admin and ESS Credentials" time="38.053">
    <error message="The step &quot;user enter valid &quot;Admin&quot; and &quot;Hum@nhrm123&quot;&quot; is undefined. You can implement it using the snippet(s) below:&#10;&#10;@When(&quot;user enter valid {string} and {string}&quot;)&#10;public void user_enter_valid_and(String string, String string2) {&#10;    // Write code here that turns the phrase above into concrete actions&#10;    throw new io.cucumber.java.PendingException();&#10;}&#10;&#10;&#10;Some other steps were also undefined:&#10;&#10;@When(&quot;user click on login button&quot;)&#10;public void user_click_on_login_button() {&#10;    // Write code here that turns the phrase above into concrete actions&#10;    throw new io.cucumber.java.PendingException();&#10;}&#10;@Then(&quot;{string} is successfully logged in&quot;)&#10;public void is_successfully_logged_in(String string) {&#10;    // Write code here that turns the phrase above into concrete actions&#10;    throw new io.cucumber.java.PendingException();&#10;}&#10;" type="io.cucumber.junit.UndefinedStepException"><![CDATA[io.cucumber.junit.UndefinedStepException: 
The step "user enter valid "Admin" and "Hum@nhrm123"" is undefined. You can implement it using the snippet(s) below:

@When("user enter valid {string} and {string}")
public void user_enter_valid_and(String string, String string2) {
    // Write code here that turns the phrase above into concrete actions
    throw new io.cucumber.java.PendingException();
}


Some other steps were also undefined:

@When("user click on login button")
public void user_click_on_login_button() {
    // Write code here that turns the phrase above into concrete actions
    throw new io.cucumber.java.PendingException();
}
@Then("{string} is successfully logged in")
public void is_successfully_logged_in(String string) {
    // Write code here that turns the phrase above into concrete actions
    throw new io.cucumber.java.PendingException();
}

]]></error>
    <system-out><![CDATA[
@smoke
Scenario Outline: Valid Login Credentials         # src/test/resources/features/loginCredentials.feature:23
  When user enter valid "Admin" and "Hum@nhrm123" # null
  And user click on login button                  # null
  Then "<FirstName>" is successfully logged in    # null
]]></system-out>
    <system-err><![CDATA[Starting ChromeDriver 83.0.4103.39 (ccbf011cb2d2b19b506d844400483861342c20cd-refs/branch-heads/4103@{#416}) on port 8037
Only local connections are allowed.
Please see https://chromedriver.chromium.org/security-considerations for suggestions on keeping ChromeDriver safe.
ChromeDriver was started successfully.
Jun 09, 2020 10:07:51 PM org.openqa.selenium.remote.ProtocolHandshake createSession
INFO: Detected dialect: W3C
]]></system-err>
  </testcase>
  <testcase name="Valid Login Credentials" classname="Login valid Admin and ESS Credentials" time="10.332">
    <error message="The step &quot;user enter valid &quot;abd77&quot; and &quot;Syntax123!&quot;&quot; is undefined. You can implement it using the snippet(s) below:&#10;&#10;@When(&quot;user enter valid {string} and {string}&quot;)&#10;public void user_enter_valid_and(String string, String string2) {&#10;    // Write code here that turns the phrase above into concrete actions&#10;    throw new io.cucumber.java.PendingException();&#10;}&#10;&#10;&#10;Some other steps were also undefined:&#10;&#10;@When(&quot;user click on login button&quot;)&#10;public void user_click_on_login_button() {&#10;    // Write code here that turns the phrase above into concrete actions&#10;    throw new io.cucumber.java.PendingException();&#10;}&#10;@Then(&quot;{string} is successfully logged in&quot;)&#10;public void is_successfully_logged_in(String string) {&#10;    // Write code here that turns the phrase above into concrete actions&#10;    throw new io.cucumber.java.PendingException();&#10;}&#10;" type="io.cucumber.junit.UndefinedStepException"><![CDATA[io.cucumber.junit.UndefinedStepException: 
The step "user enter valid "abd77" and "Syntax123!"" is undefined. You can implement it using the snippet(s) below:

@When("user enter valid {string} and {string}")
public void user_enter_valid_and(String string, String string2) {
    // Write code here that turns the phrase above into concrete actions
    throw new io.cucumber.java.PendingException();
}


Some other steps were also undefined:

@When("user click on login button")
public void user_click_on_login_button() {
    // Write code here that turns the phrase above into concrete actions
    throw new io.cucumber.java.PendingException();
}
@Then("{string} is successfully logged in")
public void is_successfully_logged_in(String string) {
    // Write code here that turns the phrase above into concrete actions
    throw new io.cucumber.java.PendingException();
}

]]></error>
    <system-out><![CDATA[
@smoke
Scenario Outline: Valid Login Credentials        # src/test/resources/features/loginCredentials.feature:24
  When user enter valid "abd77" and "Syntax123!" # null
  And user click on login button                 # null
  Then "<FirstName>" is successfully logged in   # null
]]></system-out>
    <system-err><![CDATA[Starting ChromeDriver 83.0.4103.39 (ccbf011cb2d2b19b506d844400483861342c20cd-refs/branch-heads/4103@{#416}) on port 18756
Only local connections are allowed.
Please see https://chromedriver.chromium.org/security-considerations for suggestions on keeping ChromeDriver safe.
ChromeDriver was started successfully.
Jun 09, 2020 10:08:29 PM org.openqa.selenium.remote.ProtocolHandshake createSession
INFO: Detected dialect: W3C
]]></system-err>
  </testcase>
  <testcase name="Login with valid username and invalid password" classname="User should see error message when login with invalid credentials" time="51.954">
    <failure message="expected:&lt;Invalid [C]redentials&gt; but was:&lt;Invalid [c]redentials&gt;" type="org.junit.ComparisonFailure"><![CDATA[org.junit.ComparisonFailure: expected:<Invalid [C]redentials> but was:<Invalid [c]redentials>
]]></failure>
    <system-out><![CDATA[
@smoke
Scenario: Login with valid username and invalid password # src/test/resources/features/loginWithInvalidCredentials.feature:5
  Given user navigated to HRMS                           # com.hrms.steps.LoginWithInvalidCredentials.user_navigated_to_HRMS()
  When user enters valid username and invalid password   # com.hrms.steps.LoginWithInvalidCredentials.user_enters_valid_username_and_invalid_password()
  Then user see Invalid credentials error message        # com.hrms.steps.LoginWithInvalidCredentials.user_see_Invalid_credentials_error_message()
      org.junit.ComparisonFailure: expected:<Invalid [C]redentials> but was:<Invalid [c]redentials>
	at org.junit.Assert.assertEquals(Assert.java:117)
	at org.junit.Assert.assertEquals(Assert.java:146)
	at com.hrms.steps.LoginWithInvalidCredentials.user_see_Invalid_credentials_error_message(LoginWithInvalidCredentials.java:31)
	at ?.user see Invalid credentials error message(file:///C:/Users/karap/eclipse-workspace/HrmsCucumber/src/test/resources/features/loginWithInvalidCredentials.feature:8)

]]></system-out>
    <system-err><![CDATA[Starting ChromeDriver 83.0.4103.39 (ccbf011cb2d2b19b506d844400483861342c20cd-refs/branch-heads/4103@{#416}) on port 3463
Only local connections are allowed.
Please see https://chromedriver.chromium.org/security-considerations for suggestions on keeping ChromeDriver safe.
ChromeDriver was started successfully.
Jun 09, 2020 10:08:39 PM org.openqa.selenium.remote.ProtocolHandshake createSession
INFO: Detected dialect: W3C
Starting ChromeDriver 83.0.4103.39 (ccbf011cb2d2b19b506d844400483861342c20cd-refs/branch-heads/4103@{#416}) on port 9111
Only local connections are allowed.
Please see https://chromedriver.chromium.org/security-considerations for suggestions on keeping ChromeDriver safe.
ChromeDriver was started successfully.
Jun 09, 2020 10:09:12 PM org.openqa.selenium.remote.ProtocolHandshake createSession
INFO: Detected dialect: W3C
]]></system-err>
  </testcase>
  <testcase name="Login with valid username and without password" classname="User should see error message when login with invalid credentials" time="43.25"/>
</testsuite>